#
# There is insufficient memory for the Java Runtime Environment to continue.
# Native memory allocation (malloc) failed to allocate 411696 bytes for Chunk::new
# Possible reasons:
#   The system is out of physical RAM or swap space
#   In 32 bit mode, the process size limit was hit
# Possible solutions:
#   Reduce memory load on the system
#   Increase physical memory or swap space
#   Check if swap backing store is full
#   Use 64 bit Java on a 64 bit OS
#   Decrease Java heap size (-Xmx/-Xms)
#   Decrease number of Java threads
#   Decrease Java thread stack sizes (-Xss)
#   Set larger code cache with -XX:ReservedCodeCacheSize=
# This output file may be truncated or incomplete.
#
#  Out of Memory Error (allocation.cpp:390), pid=5380, tid=0x0000000000001da0
#
# JRE version: Java(TM) SE Runtime Environment (8.0_131-b11) (build 1.8.0_131-b11)
# Java VM: Java HotSpot(TM) 64-Bit Server VM (25.131-b11 mixed mode windows-amd64 compressed oops)
# Failed to write core dump. 
#

---------------  T H R E A D  ---------------

Current thread (0x00000000583e0800):  JavaThread "C2 CompilerThread0" daemon [_thread_in_native, id=7584, stack(0x0000000058190000,0x0000000058290000)]

Stack: [0x0000000058190000,0x0000000058290000]
[error occurred during error reporting (printing stack bounds), id 0xc0000005]

Native frames: (J=compiled Java code, j=interpreted, Vv=VM code, C=native code)


Current CompileTask:
C2:   7633 4198   !   4       com.sun.tools.javac.file.JavacFileManager::listContainer (94 bytes)


---------------  P R O C E S S  ---------------

Java Threads: ( => current thread )
  0x000000005842e000 JavaThread "Service Thread" daemon [_thread_blocked, id=50956, stack(0x0000000058b30000,0x0000000058c30000)]
  0x00000000583e3000 JavaThread "C1 CompilerThread2" daemon [_thread_in_native, id=8108, stack(0x0000000058a20000,0x0000000058b20000)]
  0x00000000583e2000 JavaThread "C2 CompilerThread1" daemon [_thread_in_native, id=4804, stack(0x0000000058910000,0x0000000058a10000)]
=>0x00000000583e0800 JavaThread "C2 CompilerThread0" daemon [_thread_in_native, id=7584, stack(0x0000000058190000,0x0000000058290000)]
  0x0000000056e1e000 JavaThread "Attach Listener" daemon [_thread_blocked, id=7976, stack(0x00000000582e0000,0x00000000583e0000)]
  0x0000000056e1c800 JavaThread "Signal Dispatcher" daemon [_thread_blocked, id=40240, stack(0x0000000057d40000,0x0000000057e40000)]
  0x0000000056df9800 JavaThread "Finalizer" daemon [_thread_blocked, id=48316, stack(0x0000000058050000,0x0000000058150000)]
  0x0000000056db2000 JavaThread "Reference Handler" daemon [_thread_blocked, id=44988, stack(0x0000000057ee0000,0x0000000057fe0000)]
  0x00000000002de000 JavaThread "main" [_thread_in_Java, id=44960, stack(0x0000000001fb0000,0x00000000020b0000)]

Other Threads:
  0x0000000056daa800 VMThread [stack: 0x0000000057c20000,0x0000000057d20000] [id=17412]
  0x0000000058486000 WatcherThread [stack: 0x0000000058800000,0x0000000058900000] [id=17020]

VM state:not at safepoint (normal execution)

VM Mutex/Monitor currently owned by a thread: None

Heap:
 PSYoungGen      total 266240K, used 58872K [0x00000000d8000000, 0x00000000f8600000, 0x0000000100000000)
  eden space 244224K, 24% used [0x00000000d8000000,0x00000000db97e0d8,0x00000000e6e80000)
  from space 22016K, 0% used [0x00000000e6e80000,0x00000000e6e80000,0x00000000e8400000)
  to   space 20992K, 0% used [0x00000000f7180000,0x00000000f7180000,0x00000000f8600000)
 ParOldGen       total 82944K, used 32381K [0x0000000088000000, 0x000000008d100000, 0x00000000d8000000)
  object space 82944K, 39% used [0x0000000088000000,0x0000000089f9f570,0x000000008d100000)
 Metaspace       used 22604K, capacity 23090K, committed 23216K, reserved 1069056K
  class space    used 2672K, capacity 2814K, committed 2816K, reserved 1048576K

Card table byte_map: [0x0000000011740000,0x0000000011b10000] byte_map_base: 0x0000000011300000

Marking Bits: (ParMarkBitMap*) 0x000000005db9c720
 Begin Bits: [0x0000000012460000, 0x0000000014260000)
 End Bits:   [0x0000000014260000, 0x0000000016060000)

Polling page: 0x0000000000220000

CodeCache: size=245760Kb used=14574Kb max_used=15384Kb free=231185Kb
 bounds [0x0000000002380000, 0x00000000032a0000, 0x0000000011380000]
 total_blobs=4296 nmethods=3925 adapters=283
 compilation: enabled

Compilation events (10 events):
Event: 7.595 Thread 0x00000000583e3000 4254       1       com.sun.tools.javac.code.Scope$Entry::next (5 bytes)
Event: 7.595 Thread 0x00000000583e3000 nmethod 4254 0x00000000025bc690 code [0x00000000025bc7e0, 0x00000000025bc8f0]
Event: 7.595 Thread 0x00000000583e3000 4252       1       com.sun.tools.javac.code.Symbol$ClassSymbol::flatName (5 bytes)
Event: 7.595 Thread 0x00000000583e3000 nmethod 4252 0x0000000002b47d50 code [0x0000000002b47ea0, 0x0000000002b47fb0]
Event: 7.595 Thread 0x00000000583e3000 4253       1       com.sun.tools.javac.code.Types::access$900 (5 bytes)
Event: 7.595 Thread 0x00000000583e3000 nmethod 4253 0x0000000002b47a90 code [0x0000000002b47be0, 0x0000000002b47cd0]
Event: 7.595 Thread 0x00000000583e3000 4246       3       com.sun.tools.javac.code.Scope::<init> (12 bytes)
Event: 7.595 Thread 0x00000000583e3000 nmethod 4246 0x0000000002b47650 code [0x0000000002b477c0, 0x0000000002b479e8]
Event: 7.595 Thread 0x00000000583e3000 4262       3       java.io.RandomAccessFile::readFully (45 bytes)
Event: 7.596 Thread 0x00000000583e3000 nmethod 4262 0x0000000002b46ed0 code [0x0000000002b47060, 0x0000000002b47438]

GC Heap History (10 events):
Event: 2.749 GC heap before
{Heap before GC invocations=4 (full 0):
 PSYoungGen      total 66560K, used 66528K [0x00000000d8000000, 0x00000000e0200000, 0x0000000100000000)
  eden space 61440K, 100% used [0x00000000d8000000,0x00000000dbc00000,0x00000000dbc00000)
  from space 5120K, 99% used [0x00000000dbc00000,0x00000000dc0f8040,0x00000000dc100000)
  to   space 5120K, 0% used [0x00000000dfd00000,0x00000000dfd00000,0x00000000e0200000)
 ParOldGen       total 81920K, used 7497K [0x0000000088000000, 0x000000008d000000, 0x00000000d8000000)
  object space 81920K, 9% used [0x0000000088000000,0x0000000088752448,0x000000008d000000)
 Metaspace       used 15002K, capacity 15176K, committed 15488K, reserved 1062912K
  class space    used 1809K, capacity 1908K, committed 1920K, reserved 1048576K
Event: 2.769 GC heap after
Heap after GC invocations=4 (full 0):
 PSYoungGen      total 128000K, used 5104K [0x00000000d8000000, 0x00000000e0200000, 0x0000000100000000)
  eden space 122880K, 0% used [0x00000000d8000000,0x00000000d8000000,0x00000000df800000)
  from space 5120K, 99% used [0x00000000dfd00000,0x00000000e01fc010,0x00000000e0200000)
  to   space 5120K, 0% used [0x00000000df800000,0x00000000df800000,0x00000000dfd00000)
 ParOldGen       total 81920K, used 14648K [0x0000000088000000, 0x000000008d000000, 0x00000000d8000000)
  object space 81920K, 17% used [0x0000000088000000,0x0000000088e4e1d8,0x000000008d000000)
 Metaspace       used 15002K, capacity 15176K, committed 15488K, reserved 1062912K
  class space    used 1809K, capacity 1908K, committed 1920K, reserved 1048576K
}
Event: 3.803 GC heap before
{Heap before GC invocations=5 (full 0):
 PSYoungGen      total 128000K, used 127984K [0x00000000d8000000, 0x00000000e0200000, 0x0000000100000000)
  eden space 122880K, 100% used [0x00000000d8000000,0x00000000df800000,0x00000000df800000)
  from space 5120K, 99% used [0x00000000dfd00000,0x00000000e01fc010,0x00000000e0200000)
  to   space 5120K, 0% used [0x00000000df800000,0x00000000df800000,0x00000000dfd00000)
 ParOldGen       total 81920K, used 14648K [0x0000000088000000, 0x000000008d000000, 0x00000000d8000000)
  object space 81920K, 17% used [0x0000000088000000,0x0000000088e4e1d8,0x000000008d000000)
 Metaspace       used 15503K, capacity 15730K, committed 16000K, reserved 1062912K
  class space    used 1817K, capacity 1915K, committed 1920K, reserved 1048576K
Event: 3.826 GC heap after
Heap after GC invocations=5 (full 0):
 PSYoungGen      total 128000K, used 5120K [0x00000000d8000000, 0x00000000e9800000, 0x0000000100000000)
  eden space 122880K, 0% used [0x00000000d8000000,0x00000000d8000000,0x00000000df800000)
  from space 5120K, 100% used [0x00000000df800000,0x00000000dfd00000,0x00000000dfd00000)
  to   space 20480K, 0% used [0x00000000e8400000,0x00000000e8400000,0x00000000e9800000)
 ParOldGen       total 81920K, used 27212K [0x0000000088000000, 0x000000008d000000, 0x00000000d8000000)
  object space 81920K, 33% used [0x0000000088000000,0x0000000089a930d8,0x000000008d000000)
 Metaspace       used 15503K, capacity 15730K, committed 16000K, reserved 1062912K
  class space    used 1817K, capacity 1915K, committed 1920K, reserved 1048576K
}
Event: 6.011 GC heap before
{Heap before GC invocations=6 (full 0):
 PSYoungGen      total 128000K, used 128000K [0x00000000d8000000, 0x00000000e9800000, 0x0000000100000000)
  eden space 122880K, 100% used [0x00000000d8000000,0x00000000df800000,0x00000000df800000)
  from space 5120K, 100% used [0x00000000df800000,0x00000000dfd00000,0x00000000dfd00000)
  to   space 20480K, 0% used [0x00000000e8400000,0x00000000e8400000,0x00000000e9800000)
 ParOldGen       total 81920K, used 27212K [0x0000000088000000, 0x000000008d000000, 0x00000000d8000000)
  object space 81920K, 33% used [0x0000000088000000,0x0000000089a930d8,0x000000008d000000)
 Metaspace       used 20398K, capacity 20882K, committed 21120K, reserved 1067008K
  class space    used 2452K, capacity 2590K, committed 2688K, reserved 1048576K
Event: 6.065 GC heap after
Heap after GC invocations=6 (full 0):
 PSYoungGen      total 264704K, used 15858K [0x00000000d8000000, 0x00000000e9b00000, 0x0000000100000000)
  eden space 244224K, 0% used [0x00000000d8000000,0x00000000d8000000,0x00000000e6e80000)
  from space 20480K, 77% used [0x00000000e8400000,0x00000000e937cbb0,0x00000000e9800000)
  to   space 22016K, 0% used [0x00000000e6e80000,0x00000000e6e80000,0x00000000e8400000)
 ParOldGen       total 81920K, used 27212K [0x0000000088000000, 0x000000008d000000, 0x00000000d8000000)
  object space 81920K, 33% used [0x0000000088000000,0x0000000089a930d8,0x000000008d000000)
 Metaspace       used 20398K, capacity 20882K, committed 21120K, reserved 1067008K
  class space    used 2452K, capacity 2590K, committed 2688K, reserved 1048576K
}
Event: 6.103 GC heap before
{Heap before GC invocations=7 (full 0):
 PSYoungGen      total 264704K, used 20716K [0x00000000d8000000, 0x00000000e9b00000, 0x0000000100000000)
  eden space 244224K, 1% used [0x00000000d8000000,0x00000000d84be7f8,0x00000000e6e80000)
  from space 20480K, 77% used [0x00000000e8400000,0x00000000e937cbb0,0x00000000e9800000)
  to   space 22016K, 0% used [0x00000000e6e80000,0x00000000e6e80000,0x00000000e8400000)
 ParOldGen       total 81920K, used 27212K [0x0000000088000000, 0x000000008d000000, 0x00000000d8000000)
  object space 81920K, 33% used [0x0000000088000000,0x0000000089a930d8,0x000000008d000000)
 Metaspace       used 20701K, capacity 21202K, committed 21296K, reserved 1069056K
  class space    used 2492K, capacity 2654K, committed 2688K, reserved 1048576K
Event: 6.146 GC heap after
Heap after GC invocations=7 (full 0):
 PSYoungGen      total 266240K, used 12383K [0x00000000d8000000, 0x00000000f8600000, 0x0000000100000000)
  eden space 244224K, 0% used [0x00000000d8000000,0x00000000d8000000,0x00000000e6e80000)
  from space 22016K, 56% used [0x00000000e6e80000,0x00000000e7a97cd0,0x00000000e8400000)
  to   space 20992K, 0% used [0x00000000f7180000,0x00000000f7180000,0x00000000f8600000)
 ParOldGen       total 81920K, used 27916K [0x0000000088000000, 0x000000008d000000, 0x00000000d8000000)
  object space 81920K, 34% used [0x0000000088000000,0x0000000089b43128,0x000000008d000000)
 Metaspace       used 20701K, capacity 21202K, committed 21296K, reserved 1069056K
  class space    used 2492K, capacity 2654K, committed 2688K, reserved 1048576K
}
Event: 6.146 GC heap before
{Heap before GC invocations=8 (full 1):
 PSYoungGen      total 266240K, used 12383K [0x00000000d8000000, 0x00000000f8600000, 0x0000000100000000)
  eden space 244224K, 0% used [0x00000000d8000000,0x00000000d8000000,0x00000000e6e80000)
  from space 22016K, 56% used [0x00000000e6e80000,0x00000000e7a97cd0,0x00000000e8400000)
  to   space 20992K, 0% used [0x00000000f7180000,0x00000000f7180000,0x00000000f8600000)
 ParOldGen       total 81920K, used 27916K [0x0000000088000000, 0x000000008d000000, 0x00000000d8000000)
  object space 81920K, 34% used [0x0000000088000000,0x0000000089b43128,0x000000008d000000)
 Metaspace       used 20701K, capacity 21202K, committed 21296K, reserved 1069056K
  class space    used 2492K, capacity 2654K, committed 2688K, reserved 1048576K
Event: 6.366 GC heap after
Heap after GC invocations=8 (full 1):
 PSYoungGen      total 266240K, used 0K [0x00000000d8000000, 0x00000000f8600000, 0x0000000100000000)
  eden space 244224K, 0% used [0x00000000d8000000,0x00000000d8000000,0x00000000e6e80000)
  from space 22016K, 0% used [0x00000000e6e80000,0x00000000e6e80000,0x00000000e8400000)
  to   space 20992K, 0% used [0x00000000f7180000,0x00000000f7180000,0x00000000f8600000)
 ParOldGen       total 82944K, used 32381K [0x0000000088000000, 0x000000008d100000, 0x00000000d8000000)
  object space 82944K, 39% used [0x0000000088000000,0x0000000089f9f570,0x000000008d100000)
 Metaspace       used 20701K, capacity 21202K, committed 21296K, reserved 1069056K
  class space    used 2492K, capacity 2654K, committed 2688K, reserved 1048576K
}

Deoptimization events (10 events):
Event: 5.543 Thread 0x00000000002de000 Uncommon trap: reason=unstable_if action=reinterpret pc=0x0000000002fa5064 method=java.util.IdentityHashMap.nextKeyIndex(II)I @ 4
Event: 5.546 Thread 0x00000000002de000 Uncommon trap: reason=unstable_if action=reinterpret pc=0x000000000313260c method=com.google.inject.internal.InjectorImpl.callInContext(Lcom/google/inject/internal/ContextualCallable;)Ljava/lang/Object; @ 161
Event: 6.461 Thread 0x00000000002de000 Uncommon trap: reason=range_check action=make_not_entrant pc=0x000000000304d198 method=java.lang.String.charAt(I)C @ 27
Event: 6.936 Thread 0x00000000002de000 Uncommon trap: reason=unstable_if action=reinterpret pc=0x00000000031d4380 method=java.util.jar.Attributes.read(Ljava/util/jar/Manifest$FastInputStream;[B)V @ 58
Event: 7.014 Thread 0x00000000002de000 Uncommon trap: reason=unstable_if action=reinterpret pc=0x0000000003050924 method=java.io.WinNTFileSystem.parentOrNull(Ljava/lang/String;)Ljava/lang/String; @ 62
Event: 7.077 Thread 0x00000000002de000 Uncommon trap: reason=unstable_if action=reinterpret pc=0x0000000002576ed4 method=sun.misc.URLClassPath$JarLoader.getResource(Ljava/lang/String;Z)Lsun/misc/Resource; @ 62
Event: 7.163 Thread 0x00000000002de000 Uncommon trap: reason=unstable_if action=reinterpret pc=0x000000000311689c method=java.net.URLStreamHandler.parseURL(Ljava/net/URL;Ljava/lang/String;II)V @ 925
Event: 7.234 Thread 0x00000000002de000 Uncommon trap: reason=unstable_if action=reinterpret pc=0x0000000002ea9198 method=java.lang.Integer.parseInt(Ljava/lang/String;I)I @ 122
Event: 7.361 Thread 0x00000000002de000 Uncommon trap: reason=unstable_if action=reinterpret pc=0x0000000002725e84 method=java.io.WinNTFileSystem.normalize(Ljava/lang/String;)Ljava/lang/String; @ 128
Event: 7.566 Thread 0x00000000002de000 Uncommon trap: reason=unstable_if action=reinterpret pc=0x00000000032596b0 method=com.sun.tools.javac.util.Name$Table.equals([BI[BII)Z @ 22

Internal exceptions (10 events):
Event: 2.519 Thread 0x00000000002de000 Implicit null exception at 0x0000000002b70667 to 0x0000000002b708b1
Event: 2.909 Thread 0x00000000002de000 Implicit null exception at 0x0000000002c4159c to 0x0000000002c43bcd
Event: 3.621 Thread 0x00000000002de000 Implicit null exception at 0x0000000002d5b9c7 to 0x0000000002d5da6d
Event: 4.255 Thread 0x00000000002de000 Implicit null exception at 0x0000000002ecb4f8 to 0x0000000002ecbab9
Event: 5.014 Thread 0x00000000002de000 Implicit null exception at 0x0000000002d8b2b8 to 0x0000000002d8d389
Event: 5.016 Thread 0x00000000002de000 Implicit null exception at 0x0000000002f98af5 to 0x0000000002f9923d
Event: 5.546 Thread 0x00000000002de000 Implicit null exception at 0x0000000003131f94 to 0x00000000031325fd
Event: 5.770 Thread 0x00000000002de000 Exception <a 'java/lang/ClassNotFoundException': com/sun/tools/javac/api/JavacTool> (0x00000000df1153a0) thrown at [C:\re\workspace\8-2-build-windows-amd64-cygwin\jdk8u131\8869\hotspot\src\share\vm\classfile\systemDictionary.cpp, line 210]
Event: 7.340 Thread 0x00000000002de000 Exception <a 'java/io/FileNotFoundException'> (0x00000000d9c7e0b8) thrown at [C:\re\workspace\8-2-build-windows-amd64-cygwin\jdk8u131\8869\hotspot\src\share\vm\prims\jni.cpp, line 709]
Event: 7.349 Thread 0x00000000002de000 Exception <a 'java/io/FileNotFoundException'> (0x00000000d9cb29c8) thrown at [C:\re\workspace\8-2-build-windows-amd64-cygwin\jdk8u131\8869\hotspot\src\share\vm\prims\jni.cpp, line 709]

Events (10 events):
Event: 7.516 loading class com/sun/tools/javac/code/TypeAnnotations$1 done
Event: 7.516 loading class com/sun/tools/javac/code/TypeAnnotations$2
Event: 7.516 loading class com/sun/tools/javac/code/TypeAnnotations$2 done
Event: 7.517 loading class com/sun/tools/javac/code/Types$27
Event: 7.517 loading class com/sun/tools/javac/code/Types$27 done
Event: 7.541 Thread 0x00000000002de000 DEOPT PACKING pc=0x00000000024aea05 sp=0x00000000020acde0
Event: 7.541 Thread 0x00000000002de000 DEOPT UNPACKING pc=0x00000000023c75bf sp=0x00000000020acb30 mode 0
Event: 7.566 Thread 0x00000000002de000 Uncommon trap: trap_request=0xffffff65 fr.pc=0x00000000032596b0
Event: 7.566 Thread 0x00000000002de000 DEOPT PACKING pc=0x00000000032596b0 sp=0x00000000020ac670
Event: 7.566 Thread 0x00000000002de000 DEOPT UNPACKING pc=0x00000000023c556a sp=0x00000000020ac5f0 mode 2


Dynamic libraries:
0x000000013f510000 - 0x000000013f547000 	C:\Program Files\Java\jdk1.8.0_131\bin\javaw.exe
0x0000000077250000 - 0x00000000773fa000 	C:\Windows\SYSTEM32\ntdll.dll
0x0000000077030000 - 0x000000007714f000 	C:\Windows\system32\kernel32.dll
0x000007fefcfa0000 - 0x000007fefd00a000 	C:\Windows\system32\KERNELBASE.dll
0x000007fefd340000 - 0x000007fefd41b000 	C:\Windows\system32\ADVAPI32.dll
0x000007fefd4a0000 - 0x000007fefd53f000 	C:\Windows\system32\msvcrt.dll
0x000007feff340000 - 0x000007feff35f000 	C:\Windows\SYSTEM32\sechost.dll
0x000007feff210000 - 0x000007feff33d000 	C:\Windows\system32\RPCRT4.dll
0x0000000077150000 - 0x000000007724a000 	C:\Windows\system32\USER32.dll
0x000007fefd620000 - 0x000007fefd687000 	C:\Windows\system32\GDI32.dll
0x000007fefd610000 - 0x000007fefd61e000 	C:\Windows\system32\LPK.dll
0x000007fefd540000 - 0x000007fefd60a000 	C:\Windows\system32\USP10.dll
0x000007fefb9a0000 - 0x000007fefbb94000 	C:\Windows\WinSxS\amd64_microsoft.windows.common-controls_6595b64144ccf1df_6.0.7601.18837_none_fa3b1e3d17594757\COMCTL32.dll
0x000007feff400000 - 0x000007feff471000 	C:\Windows\system32\SHLWAPI.dll
0x000007feff1e0000 - 0x000007feff20e000 	C:\Windows\system32\IMM32.DLL
0x000007fefd960000 - 0x000007fefda69000 	C:\Windows\system32\MSCTF.dll
0x0000000069850000 - 0x0000000069922000 	C:\Program Files\Java\jdk1.8.0_131\jre\bin\msvcr100.dll
0x000000005d380000 - 0x000000005dc1c000 	C:\Program Files\Java\jdk1.8.0_131\jre\bin\server\jvm.dll
0x000007fefaf60000 - 0x000007fefaf69000 	C:\Windows\system32\WSOCK32.dll
0x000007fefee10000 - 0x000007fefee5d000 	C:\Windows\system32\WS2_32.dll
0x000007fefdad0000 - 0x000007fefdad8000 	C:\Windows\system32\NSI.dll
0x000007fefa580000 - 0x000007fefa5bb000 	C:\Windows\system32\WINMM.dll
0x000007fefc060000 - 0x000007fefc06c000 	C:\Windows\system32\VERSION.dll
0x0000000077410000 - 0x0000000077417000 	C:\Windows\system32\PSAPI.DLL
0x00000000742a0000 - 0x00000000742af000 	C:\Program Files\Java\jdk1.8.0_131\jre\bin\verify.dll
0x000000006ffe0000 - 0x0000000070009000 	C:\Program Files\Java\jdk1.8.0_131\jre\bin\java.dll
0x000000006ffc0000 - 0x000000006ffd6000 	C:\Program Files\Java\jdk1.8.0_131\jre\bin\zip.dll
0x000007fefdc70000 - 0x000007fefe9f9000 	C:\Windows\system32\SHELL32.dll
0x000007fefea00000 - 0x000007fefec03000 	C:\Windows\system32\ole32.dll
0x000007fefcf90000 - 0x000007fefcf9f000 	C:\Windows\system32\profapi.dll
0x000000006fe30000 - 0x000000006fe4a000 	C:\Program Files\Java\jdk1.8.0_131\jre\bin\net.dll
0x000007fefc720000 - 0x000007fefc775000 	C:\Windows\system32\mswsock.dll
0x000007fefc710000 - 0x000007fefc717000 	C:\Windows\System32\wship6.dll
0x000000006d1d0000 - 0x000000006d1e1000 	C:\Program Files\Java\jdk1.8.0_131\jre\bin\nio.dll

VM Arguments:
jvm_args: -Dmaven.home=EMBEDDED -Dclassworlds.conf=C:\preethi\workspace_28_8_orders\.metadata\.plugins\org.eclipse.m2e.launching\launches\m2conf5457427391304941854.tmp -Dmaven.multiModuleProjectDirectory=C:\CSE\sockshop-demo-master_28_8_orders\sockshop-demo-master\orders -Dfile.encoding=Cp1252 
java_command: org.codehaus.plexus.classworlds.launcher.Launcher -B install
java_class_path (initial): /C:/Users/Administrator/eclipse/jee-neon/eclipse/../../../.p2/pool/plugins/org.eclipse.m2e.maven.runtime_1.7.0.20160603-1931/jars/plexus-classworlds-2.5.2.jar
Launcher Type: SUN_STANDARD

Environment Variables:
JAVA_HOME=C:\Program Files\Java\jre1.8.0_121
PATH=C:/Program Files/Java/jre1.8.0_131/bin/server;C:/Program Files/Java/jre1.8.0_131/bin;C:/Program Files/Java/jre1.8.0_131/lib/amd64;C:\ProgramData\Oracle\Java\javapath;C:\Ruby23-x64\bin;C:\Windows\system32;C:\Windows;C:\Windows\System32\Wbem;C:\Windows\System32\WindowsPowerShell\v1.0\;C:\Windows\System32\WindowsPowerShell\v1.0\;C:\Program Files\Amazon\cfn-bootstrap\;C:\Program Files\Git\cmd;C:\Program Files\nodejs\;C:\Python27\;C:\Python27\Scripts;;C:\Program Files\PuTTY\;C:\Users\Administrator\AppData\Roaming\npm;C:\Windows\system32;
USERNAME=Administrator
OS=Windows_NT
PROCESSOR_IDENTIFIER=Intel64 Family 6 Model 63 Stepping 2, GenuineIntel



---------------  S Y S T E M  ---------------

OS: Windows Server 2008 R2 , 64 bit Build 7601 (6.1.7601.23572)

CPU:total 4 (initial active 4) (2 cores per cpu, 2 threads per core) family 6 model 63 stepping 2, cmov, cx8, fxsr, mmx, sse, sse2, sse3, ssse3, sse4.1, sse4.2, popcnt, avx, avx2, aes, clmul, erms, lzcnt, ht, tsc, bmi1, bmi2

Memory: 4k page, physical 7863924k(631344k free), swap 16250672k(7732k free)

vm_info: Java HotSpot(TM) 64-Bit Server VM (25.131-b11) for windows-amd64 JRE (1.8.0_131-b11), built on Mar 15 2017 01:23:53 by "java_re" with MS VC++ 10.0 (VS2010)

time: Tue Aug 29 02:34:47 2017
elapsed time: 7 seconds (0d 0h 0m 7s)

