#
# There is insufficient memory for the Java Runtime Environment to continue.
# Native memory allocation (malloc) failed to allocate 926416 bytes for Chunk::new
# Possible reasons:
#   The system is out of physical RAM or swap space
#   In 32 bit mode, the process size limit was hit
# Possible solutions:
#   Reduce memory load on the system
#   Increase physical memory or swap space
#   Check if swap backing store is full
#   Use 64 bit Java on a 64 bit OS
#   Decrease Java heap size (-Xmx/-Xms)
#   Decrease number of Java threads
#   Decrease Java thread stack sizes (-Xss)
#   Set larger code cache with -XX:ReservedCodeCacheSize=
# This output file may be truncated or incomplete.
#
#  Out of Memory Error (allocation.cpp:390), pid=30180, tid=0x0000000000001328
#
# JRE version: Java(TM) SE Runtime Environment (8.0_131-b11) (build 1.8.0_131-b11)
# Java VM: Java HotSpot(TM) 64-Bit Server VM (25.131-b11 mixed mode windows-amd64 compressed oops)
# Failed to write core dump. Call to MiniDumpWriteDump() failed (Error 0x800705af)
#

---------------  T H R E A D  ---------------

Current thread (0x0000000056ddd000):  JavaThread "C2 CompilerThread0" daemon [_thread_in_native, id=4904, stack(0x0000000058510000,0x0000000058610000)]

Stack: [0x0000000058510000,0x0000000058610000]
[error occurred during error reporting (printing stack bounds), id 0xc0000005]

Native frames: (J=compiled Java code, j=interpreted, Vv=VM code, C=native code)


Current CompileTask:
C2:   6911 3836   !   4       java.util.jar.Attributes::read (380 bytes)


---------------  P R O C E S S  ---------------

Java Threads: ( => current thread )
  0x000000005886c000 JavaThread "Service Thread" daemon [_thread_blocked, id=25720, stack(0x0000000058de0000,0x0000000058ee0000)]
  0x0000000058821000 JavaThread "C1 CompilerThread2" daemon [_thread_blocked, id=37868, stack(0x0000000058c60000,0x0000000058d60000)]
  0x0000000056ddf000 JavaThread "C2 CompilerThread1" daemon [_thread_in_native, id=24772, stack(0x0000000058720000,0x0000000058820000)]
=>0x0000000056ddd000 JavaThread "C2 CompilerThread0" daemon [_thread_in_native, id=4904, stack(0x0000000058510000,0x0000000058610000)]
  0x0000000056dd1000 JavaThread "Attach Listener" daemon [_thread_blocked, id=46736, stack(0x0000000058410000,0x0000000058510000)]
  0x0000000056dd0000 JavaThread "Signal Dispatcher" daemon [_thread_blocked, id=28236, stack(0x0000000058210000,0x0000000058310000)]
  0x0000000056dba800 JavaThread "Finalizer" daemon [_thread_blocked, id=4520, stack(0x0000000058070000,0x0000000058170000)]
  0x0000000056d71000 JavaThread "Reference Handler" daemon [_thread_blocked, id=36044, stack(0x0000000057d00000,0x0000000057e00000)]
  0x0000000001e9e000 JavaThread "main" [_thread_in_native, id=15256, stack(0x00000000021c0000,0x00000000022c0000)]

Other Threads:
  0x0000000056d6b800 VMThread [stack: 0x0000000057e80000,0x0000000057f80000] [id=30724]
  0x00000000588c2000 WatcherThread [stack: 0x0000000058fc0000,0x00000000590c0000] [id=26092]

VM state:not at safepoint (normal execution)

VM Mutex/Monitor currently owned by a thread: None

Heap:
 PSYoungGen      total 265216K, used 21370K [0x00000000d8000000, 0x00000000e9c00000, 0x0000000100000000)
  eden space 244224K, 1% used [0x00000000d8000000,0x00000000d84bd5b8,0x00000000e6e80000)
  from space 20992K, 78% used [0x00000000e8480000,0x00000000e94a1548,0x00000000e9900000)
  to   space 22528K, 0% used [0x00000000e6e80000,0x00000000e6e80000,0x00000000e8480000)
 ParOldGen       total 81920K, used 27470K [0x0000000088000000, 0x000000008d000000, 0x00000000d8000000)
  object space 81920K, 33% used [0x0000000088000000,0x0000000089ad3af0,0x000000008d000000)
 Metaspace       used 18151K, capacity 18558K, committed 18688K, reserved 1064960K
  class space    used 2120K, capacity 2262K, committed 2304K, reserved 1048576K

Card table byte_map: [0x0000000011950000,0x0000000011d20000] byte_map_base: 0x0000000011510000

Marking Bits: (ParMarkBitMap*) 0x000000005db9c720
 Begin Bits: [0x0000000012420000, 0x0000000014220000)
 End Bits:   [0x0000000014220000, 0x0000000016020000)

Polling page: 0x00000000001b0000

CodeCache: size=245760Kb used=12773Kb max_used=14481Kb free=232986Kb
 bounds [0x0000000002590000, 0x00000000033d0000, 0x0000000011590000]
 total_blobs=3779 nmethods=3435 adapters=256
 compilation: enabled

Compilation events (10 events):
Event: 6.740 Thread 0x0000000058821000 3837       3       org.codehaus.plexus.util.SelectorUtils::match (629 bytes)
Event: 6.743 Thread 0x0000000058821000 nmethod 3837 0x0000000002b53ad0 code [0x0000000002b53e00, 0x0000000002b55a38]
Event: 6.743 Thread 0x0000000058821000 3838       3       org.codehaus.plexus.util.SelectorUtils::tokenizePath (40 bytes)
Event: 6.743 Thread 0x0000000058821000 nmethod 3838 0x00000000026d5990 code [0x00000000026d5b60, 0x00000000026d61a8]
Event: 6.743 Thread 0x0000000058821000 3840       3       org.codehaus.plexus.util.SelectorUtils::matchPath (560 bytes)
Event: 6.745 Thread 0x0000000058821000 nmethod 3840 0x00000000026be790 code [0x00000000026beb80, 0x00000000026c13e8]
Event: 6.745 Thread 0x0000000058821000 3839       3       org.codehaus.plexus.util.DirectoryScanner::matchPath (7 bytes)
Event: 6.745 Thread 0x0000000058821000 nmethod 3839 0x00000000029b2610 code [0x00000000029b2780, 0x00000000029b28e8]
Event: 6.749 Thread 0x0000000058821000 3841       3       java.lang.Class::searchMethods (90 bytes)
Event: 6.750 Thread 0x0000000058821000 nmethod 3841 0x00000000026b85d0 code [0x00000000026b8820, 0x00000000026b9758]

GC Heap History (10 events):
Event: 1.523 GC heap before
{Heap before GC invocations=2 (full 0):
 PSYoungGen      total 35840K, used 34925K [0x00000000d8000000, 0x00000000dc600000, 0x0000000100000000)
  eden space 30720K, 100% used [0x00000000d8000000,0x00000000d9e00000,0x00000000d9e00000)
  from space 5120K, 82% used [0x00000000d9e00000,0x00000000da21b768,0x00000000da300000)
  to   space 5120K, 0% used [0x00000000dc100000,0x00000000dc100000,0x00000000dc600000)
 ParOldGen       total 81920K, used 8K [0x0000000088000000, 0x000000008d000000, 0x00000000d8000000)
  object space 81920K, 0% used [0x0000000088000000,0x0000000088002000,0x000000008d000000)
 Metaspace       used 10245K, capacity 10366K, committed 10624K, reserved 1058816K
  class space    used 1284K, capacity 1347K, committed 1408K, reserved 1048576K
Event: 1.528 GC heap after
Heap after GC invocations=2 (full 0):
 PSYoungGen      total 66560K, used 5111K [0x00000000d8000000, 0x00000000dc600000, 0x0000000100000000)
  eden space 61440K, 0% used [0x00000000d8000000,0x00000000d8000000,0x00000000dbc00000)
  from space 5120K, 99% used [0x00000000dc100000,0x00000000dc5fdc78,0x00000000dc600000)
  to   space 5120K, 0% used [0x00000000dbc00000,0x00000000dbc00000,0x00000000dc100000)
 ParOldGen       total 81920K, used 256K [0x0000000088000000, 0x000000008d000000, 0x00000000d8000000)
  object space 81920K, 0% used [0x0000000088000000,0x0000000088040128,0x000000008d000000)
 Metaspace       used 10245K, capacity 10366K, committed 10624K, reserved 1058816K
  class space    used 1284K, capacity 1347K, committed 1408K, reserved 1048576K
}
Event: 2.482 GC heap before
{Heap before GC invocations=3 (full 0):
 PSYoungGen      total 66560K, used 66551K [0x00000000d8000000, 0x00000000dc600000, 0x0000000100000000)
  eden space 61440K, 100% used [0x00000000d8000000,0x00000000dbc00000,0x00000000dbc00000)
  from space 5120K, 99% used [0x00000000dc100000,0x00000000dc5fdc78,0x00000000dc600000)
  to   space 5120K, 0% used [0x00000000dbc00000,0x00000000dbc00000,0x00000000dc100000)
 ParOldGen       total 81920K, used 256K [0x0000000088000000, 0x000000008d000000, 0x00000000d8000000)
  object space 81920K, 0% used [0x0000000088000000,0x0000000088040128,0x000000008d000000)
 Metaspace       used 14376K, capacity 14562K, committed 14720K, reserved 1062912K
  class space    used 1773K, capacity 1875K, committed 1920K, reserved 1048576K
Event: 2.502 GC heap after
Heap after GC invocations=3 (full 0):
 PSYoungGen      total 66560K, used 5088K [0x00000000d8000000, 0x00000000e0200000, 0x0000000100000000)
  eden space 61440K, 0% used [0x00000000d8000000,0x00000000d8000000,0x00000000dbc00000)
  from space 5120K, 99% used [0x00000000dbc00000,0x00000000dc0f8040,0x00000000dc100000)
  to   space 5120K, 0% used [0x00000000dfd00000,0x00000000dfd00000,0x00000000e0200000)
 ParOldGen       total 81920K, used 7488K [0x0000000088000000, 0x000000008d000000, 0x00000000d8000000)
  object space 81920K, 9% used [0x0000000088000000,0x0000000088750130,0x000000008d000000)
 Metaspace       used 14376K, capacity 14562K, committed 14720K, reserved 1062912K
  class space    used 1773K, capacity 1875K, committed 1920K, reserved 1048576K
}
Event: 3.144 GC heap before
{Heap before GC invocations=4 (full 0):
 PSYoungGen      total 66560K, used 66528K [0x00000000d8000000, 0x00000000e0200000, 0x0000000100000000)
  eden space 61440K, 100% used [0x00000000d8000000,0x00000000dbc00000,0x00000000dbc00000)
  from space 5120K, 99% used [0x00000000dbc00000,0x00000000dc0f8040,0x00000000dc100000)
  to   space 5120K, 0% used [0x00000000dfd00000,0x00000000dfd00000,0x00000000e0200000)
 ParOldGen       total 81920K, used 7488K [0x0000000088000000, 0x000000008d000000, 0x00000000d8000000)
  object space 81920K, 9% used [0x0000000088000000,0x0000000088750130,0x000000008d000000)
 Metaspace       used 15009K, capacity 15240K, committed 15488K, reserved 1062912K
  class space    used 1809K, capacity 1908K, committed 1920K, reserved 1048576K
Event: 3.166 GC heap after
Heap after GC invocations=4 (full 0):
 PSYoungGen      total 128000K, used 5104K [0x00000000d8000000, 0x00000000e0200000, 0x0000000100000000)
  eden space 122880K, 0% used [0x00000000d8000000,0x00000000d8000000,0x00000000df800000)
  from space 5120K, 99% used [0x00000000dfd00000,0x00000000e01fc030,0x00000000e0200000)
  to   space 5120K, 0% used [0x00000000df800000,0x00000000df800000,0x00000000dfd00000)
 ParOldGen       total 81920K, used 14817K [0x0000000088000000, 0x000000008d000000, 0x00000000d8000000)
  object space 81920K, 18% used [0x0000000088000000,0x0000000088e78570,0x000000008d000000)
 Metaspace       used 15009K, capacity 15240K, committed 15488K, reserved 1062912K
  class space    used 1809K, capacity 1908K, committed 1920K, reserved 1048576K
}
Event: 4.725 GC heap before
{Heap before GC invocations=5 (full 0):
 PSYoungGen      total 128000K, used 127984K [0x00000000d8000000, 0x00000000e0200000, 0x0000000100000000)
  eden space 122880K, 100% used [0x00000000d8000000,0x00000000df800000,0x00000000df800000)
  from space 5120K, 99% used [0x00000000dfd00000,0x00000000e01fc030,0x00000000e0200000)
  to   space 5120K, 0% used [0x00000000df800000,0x00000000df800000,0x00000000dfd00000)
 ParOldGen       total 81920K, used 14817K [0x0000000088000000, 0x000000008d000000, 0x00000000d8000000)
  object space 81920K, 18% used [0x0000000088000000,0x0000000088e78570,0x000000008d000000)
 Metaspace       used 15495K, capacity 15730K, committed 16000K, reserved 1062912K
  class space    used 1817K, capacity 1915K, committed 1920K, reserved 1048576K
Event: 4.751 GC heap after
Heap after GC invocations=5 (full 0):
 PSYoungGen      total 128000K, used 5104K [0x00000000d8000000, 0x00000000e9900000, 0x0000000100000000)
  eden space 122880K, 0% used [0x00000000d8000000,0x00000000d8000000,0x00000000df800000)
  from space 5120K, 99% used [0x00000000df800000,0x00000000dfcfc030,0x00000000dfd00000)
  to   space 20992K, 0% used [0x00000000e8480000,0x00000000e8480000,0x00000000e9900000)
 ParOldGen       total 81920K, used 27462K [0x0000000088000000, 0x000000008d000000, 0x00000000d8000000)
  object space 81920K, 33% used [0x0000000088000000,0x0000000089ad1af0,0x000000008d000000)
 Metaspace       used 15495K, capacity 15730K, committed 16000K, reserved 1062912K
  class space    used 1817K, capacity 1915K, committed 1920K, reserved 1048576K
}
Event: 6.619 GC heap before
{Heap before GC invocations=6 (full 0):
 PSYoungGen      total 128000K, used 127984K [0x00000000d8000000, 0x00000000e9900000, 0x0000000100000000)
  eden space 122880K, 100% used [0x00000000d8000000,0x00000000df800000,0x00000000df800000)
  from space 5120K, 99% used [0x00000000df800000,0x00000000dfcfc030,0x00000000dfd00000)
  to   space 20992K, 0% used [0x00000000e8480000,0x00000000e8480000,0x00000000e9900000)
 ParOldGen       total 81920K, used 27462K [0x0000000088000000, 0x000000008d000000, 0x00000000d8000000)
  object space 81920K, 33% used [0x0000000088000000,0x0000000089ad1af0,0x000000008d000000)
 Metaspace       used 17862K, capacity 18254K, committed 18432K, reserved 1064960K
  class space    used 2096K, capacity 2222K, committed 2304K, reserved 1048576K
Event: 6.668 GC heap after
Heap after GC invocations=6 (full 0):
 PSYoungGen      total 265216K, used 16517K [0x00000000d8000000, 0x00000000e9c00000, 0x0000000100000000)
  eden space 244224K, 0% used [0x00000000d8000000,0x00000000d8000000,0x00000000e6e80000)
  from space 20992K, 78% used [0x00000000e8480000,0x00000000e94a1548,0x00000000e9900000)
  to   space 22528K, 0% used [0x00000000e6e80000,0x00000000e6e80000,0x00000000e8480000)
 ParOldGen       total 81920K, used 27470K [0x0000000088000000, 0x000000008d000000, 0x00000000d8000000)
  object space 81920K, 33% used [0x0000000088000000,0x0000000089ad3af0,0x000000008d000000)
 Metaspace       used 17862K, capacity 18254K, committed 18432K, reserved 1064960K
  class space    used 2096K, capacity 2222K, committed 2304K, reserved 1048576K
}

Deoptimization events (10 events):
Event: 6.174 Thread 0x0000000001e9e000 Uncommon trap: reason=bimorphic action=maybe_recompile pc=0x0000000002b58b94 method=java.util.regex.Pattern$CharProperty.match(Ljava/util/regex/Matcher;ILjava/lang/CharSequence;)Z @ 37
Event: 6.174 Thread 0x0000000001e9e000 Uncommon trap: reason=bimorphic action=maybe_recompile pc=0x0000000002b58b94 method=java.util.regex.Pattern$CharProperty.match(Ljava/util/regex/Matcher;ILjava/lang/CharSequence;)Z @ 37
Event: 6.301 Thread 0x0000000001e9e000 Uncommon trap: reason=class_check action=maybe_recompile pc=0x0000000002ee1e48 method=org.eclipse.sisu.wire.EntryListAdapter$ValueIterator.hasNext()Z @ 4
Event: 6.331 Thread 0x0000000001e9e000 Uncommon trap: reason=class_check action=maybe_recompile pc=0x00000000029f3718 method=java.lang.reflect.Executable.getAnnotation(Ljava/lang/Class;)Ljava/lang/annotation/Annotation; @ 19
Event: 6.348 Thread 0x0000000001e9e000 Uncommon trap: reason=bimorphic action=maybe_recompile pc=0x00000000033572cc method=com.google.inject.internal.InjectorImpl.callInContext(Lcom/google/inject/internal/ContextualCallable;)Ljava/lang/Object; @ 75
Event: 6.348 Thread 0x0000000001e9e000 Uncommon trap: reason=bimorphic action=maybe_recompile pc=0x00000000033572cc method=com.google.inject.internal.InjectorImpl.callInContext(Lcom/google/inject/internal/ContextualCallable;)Ljava/lang/Object; @ 75
Event: 6.349 Thread 0x0000000001e9e000 Uncommon trap: reason=bimorphic action=maybe_recompile pc=0x00000000033572cc method=com.google.inject.internal.InjectorImpl.callInContext(Lcom/google/inject/internal/ContextualCallable;)Ljava/lang/Object; @ 75
Event: 6.349 Thread 0x0000000001e9e000 Uncommon trap: reason=bimorphic action=maybe_recompile pc=0x00000000033572cc method=com.google.inject.internal.InjectorImpl.callInContext(Lcom/google/inject/internal/ContextualCallable;)Ljava/lang/Object; @ 75
Event: 6.670 Thread 0x0000000001e9e000 Uncommon trap: reason=class_check action=maybe_recompile pc=0x0000000002ee1e48 method=org.eclipse.sisu.wire.EntryListAdapter$ValueIterator.hasNext()Z @ 4
Event: 6.726 Thread 0x0000000001e9e000 Uncommon trap: reason=unstable_if action=reinterpret pc=0x0000000002ebb688 method=com.google.inject.internal.InjectorImpl.callInContext(Lcom/google/inject/internal/ContextualCallable;)Ljava/lang/Object; @ 161

Internal exceptions (10 events):
Event: 1.966 Thread 0x0000000001e9e000 Exception <a 'java/lang/NullPointerException'> (0x00000000d99c3288) thrown at [C:\re\workspace\8-2-build-windows-amd64-cygwin\jdk8u131\8869\hotspot\src\share\vm\interpreter\linkResolver.cpp, line 1197]
Event: 2.210 Thread 0x0000000001e9e000 Implicit null exception at 0x0000000002b54209 to 0x0000000002b553f1
Event: 2.798 Thread 0x0000000001e9e000 Implicit null exception at 0x00000000028c4705 to 0x00000000028c48d9
Event: 2.798 Thread 0x0000000001e9e000 Implicit null exception at 0x000000000290352f to 0x0000000002903595
Event: 2.912 Thread 0x0000000001e9e000 Implicit null exception at 0x0000000002daa2a7 to 0x0000000002daa4f1
Event: 3.244 Thread 0x0000000001e9e000 Implicit null exception at 0x0000000002e62b46 to 0x0000000002e65a49
Event: 4.517 Thread 0x0000000001e9e000 Implicit null exception at 0x000000000307552d to 0x0000000003077a7d
Event: 5.285 Thread 0x0000000001e9e000 Implicit null exception at 0x0000000002f5abb8 to 0x0000000002f5b179
Event: 6.141 Thread 0x0000000001e9e000 Implicit null exception at 0x00000000031ac80a to 0x00000000031acf21
Event: 6.726 Thread 0x0000000001e9e000 Implicit null exception at 0x0000000002eba487 to 0x0000000002ebb669

Events (10 events):
Event: 6.748 loading class org/apache/maven/artifact/repository/RepositoryCache
Event: 6.748 loading class org/apache/maven/artifact/repository/RepositoryCache done
Event: 6.748 loading class org/apache/maven/monitor/event/EventDispatcher
Event: 6.748 loading class org/apache/maven/monitor/event/EventDispatcher done
Event: 6.749 loading class org/apache/maven/settings/Server
Event: 6.749 loading class org/apache/maven/settings/Server done
Event: 6.750 loading class org/apache/maven/shared/utils/io/FileUtils
Event: 6.750 loading class org/apache/maven/shared/utils/io/FileUtils done
Event: 6.750 loading class org/apache/maven/shared/utils/io/FileUtils
Event: 6.750 loading class org/apache/maven/shared/utils/io/FileUtils done


Dynamic libraries:
0x000000013f7c0000 - 0x000000013f7f7000 	C:\Program Files\Java\jdk1.8.0_131\bin\javaw.exe
0x0000000077250000 - 0x00000000773fa000 	C:\Windows\SYSTEM32\ntdll.dll
0x0000000077030000 - 0x000000007714f000 	C:\Windows\system32\kernel32.dll
0x000007fefcfa0000 - 0x000007fefd00a000 	C:\Windows\system32\KERNELBASE.dll
0x000007fefd340000 - 0x000007fefd41b000 	C:\Windows\system32\ADVAPI32.dll
0x000007fefd4a0000 - 0x000007fefd53f000 	C:\Windows\system32\msvcrt.dll
0x000007feff340000 - 0x000007feff35f000 	C:\Windows\SYSTEM32\sechost.dll
0x000007feff210000 - 0x000007feff33d000 	C:\Windows\system32\RPCRT4.dll
0x0000000077150000 - 0x000000007724a000 	C:\Windows\system32\USER32.dll
0x000007fefd620000 - 0x000007fefd687000 	C:\Windows\system32\GDI32.dll
0x000007fefd610000 - 0x000007fefd61e000 	C:\Windows\system32\LPK.dll
0x000007fefd540000 - 0x000007fefd60a000 	C:\Windows\system32\USP10.dll
0x000007fefb9a0000 - 0x000007fefbb94000 	C:\Windows\WinSxS\amd64_microsoft.windows.common-controls_6595b64144ccf1df_6.0.7601.18837_none_fa3b1e3d17594757\COMCTL32.dll
0x000007feff400000 - 0x000007feff471000 	C:\Windows\system32\SHLWAPI.dll
0x000007feff1e0000 - 0x000007feff20e000 	C:\Windows\system32\IMM32.DLL
0x000007fefd960000 - 0x000007fefda69000 	C:\Windows\system32\MSCTF.dll
0x0000000069850000 - 0x0000000069922000 	C:\Program Files\Java\jdk1.8.0_131\jre\bin\msvcr100.dll
0x000000005d380000 - 0x000000005dc1c000 	C:\Program Files\Java\jdk1.8.0_131\jre\bin\server\jvm.dll
0x000007fefaf60000 - 0x000007fefaf69000 	C:\Windows\system32\WSOCK32.dll
0x000007fefee10000 - 0x000007fefee5d000 	C:\Windows\system32\WS2_32.dll
0x000007fefdad0000 - 0x000007fefdad8000 	C:\Windows\system32\NSI.dll
0x000007fefa580000 - 0x000007fefa5bb000 	C:\Windows\system32\WINMM.dll
0x000007fefc060000 - 0x000007fefc06c000 	C:\Windows\system32\VERSION.dll
0x0000000077410000 - 0x0000000077417000 	C:\Windows\system32\PSAPI.DLL
0x00000000742a0000 - 0x00000000742af000 	C:\Program Files\Java\jdk1.8.0_131\jre\bin\verify.dll
0x000000006ffe0000 - 0x0000000070009000 	C:\Program Files\Java\jdk1.8.0_131\jre\bin\java.dll
0x000000006ffc0000 - 0x000000006ffd6000 	C:\Program Files\Java\jdk1.8.0_131\jre\bin\zip.dll
0x000007fefdc70000 - 0x000007fefe9f9000 	C:\Windows\system32\SHELL32.dll
0x000007fefea00000 - 0x000007fefec03000 	C:\Windows\system32\ole32.dll
0x000007fefcf90000 - 0x000007fefcf9f000 	C:\Windows\system32\profapi.dll
0x000000006fe30000 - 0x000000006fe4a000 	C:\Program Files\Java\jdk1.8.0_131\jre\bin\net.dll
0x000007fefc720000 - 0x000007fefc775000 	C:\Windows\system32\mswsock.dll
0x000007fefc710000 - 0x000007fefc717000 	C:\Windows\System32\wship6.dll
0x000000006d1d0000 - 0x000000006d1e1000 	C:\Program Files\Java\jdk1.8.0_131\jre\bin\nio.dll
0x000007feed5b0000 - 0x000007feed6d5000 	C:\Windows\system32\DBGHELP.DLL

VM Arguments:
jvm_args: -Dmaven.home=EMBEDDED -Dclassworlds.conf=C:\preethi\workspace_28_8_orders\.metadata\.plugins\org.eclipse.m2e.launching\launches\m2conf8360513738679485333.tmp -Dmaven.multiModuleProjectDirectory=C:\CSE\sockshop-demo-master_28_8_orders\sockshop-demo-master\orders -Dfile.encoding=Cp1252 
java_command: org.codehaus.plexus.classworlds.launcher.Launcher -B install -Phuaweicloud -DskipTests
java_class_path (initial): /C:/Users/Administrator/eclipse/jee-neon/eclipse/../../../.p2/pool/plugins/org.eclipse.m2e.maven.runtime_1.7.0.20160603-1931/jars/plexus-classworlds-2.5.2.jar
Launcher Type: SUN_STANDARD

Environment Variables:
JAVA_HOME=C:\Program Files\Java\jre1.8.0_121
PATH=C:/Program Files/Java/jre1.8.0_131/bin/server;C:/Program Files/Java/jre1.8.0_131/bin;C:/Program Files/Java/jre1.8.0_131/lib/amd64;C:\ProgramData\Oracle\Java\javapath;C:\Ruby23-x64\bin;C:\Windows\system32;C:\Windows;C:\Windows\System32\Wbem;C:\Windows\System32\WindowsPowerShell\v1.0\;C:\Windows\System32\WindowsPowerShell\v1.0\;C:\Program Files\Amazon\cfn-bootstrap\;C:\Program Files\Git\cmd;C:\Program Files\nodejs\;C:\Python27\;C:\Python27\Scripts;;C:\Program Files\PuTTY\;C:\Users\Administrator\AppData\Roaming\npm;C:\Windows\system32;
USERNAME=Administrator
OS=Windows_NT
PROCESSOR_IDENTIFIER=Intel64 Family 6 Model 63 Stepping 2, GenuineIntel



---------------  S Y S T E M  ---------------

OS: Windows Server 2008 R2 , 64 bit Build 7601 (6.1.7601.23572)

CPU:total 4 (initial active 4) (2 cores per cpu, 2 threads per core) family 6 model 63 stepping 2, cmov, cx8, fxsr, mmx, sse, sse2, sse3, ssse3, sse4.1, sse4.2, popcnt, avx, avx2, aes, clmul, erms, lzcnt, ht, tsc, bmi1, bmi2

Memory: 4k page, physical 7863924k(178924k free), swap 16250672k(5128k free)

vm_info: Java HotSpot(TM) 64-Bit Server VM (25.131-b11) for windows-amd64 JRE (1.8.0_131-b11), built on Mar 15 2017 01:23:53 by "java_re" with MS VC++ 10.0 (VS2010)

time: Mon Aug 28 17:28:28 2017
elapsed time: 6 seconds (0d 0h 0m 6s)

