#
# There is insufficient memory for the Java Runtime Environment to continue.
# Native memory allocation (malloc) failed to allocate 1017056 bytes for Chunk::new
# Possible reasons:
#   The system is out of physical RAM or swap space
#   In 32 bit mode, the process size limit was hit
# Possible solutions:
#   Reduce memory load on the system
#   Increase physical memory or swap space
#   Check if swap backing store is full
#   Use 64 bit Java on a 64 bit OS
#   Decrease Java heap size (-Xmx/-Xms)
#   Decrease number of Java threads
#   Decrease Java thread stack sizes (-Xss)
#   Set larger code cache with -XX:ReservedCodeCacheSize=
# This output file may be truncated or incomplete.
#
#  Out of Memory Error (allocation.cpp:390), pid=49996, tid=0x000000000000bea4
#
# JRE version: Java(TM) SE Runtime Environment (8.0_131-b11) (build 1.8.0_131-b11)
# Java VM: Java HotSpot(TM) 64-Bit Server VM (25.131-b11 mixed mode windows-amd64 compressed oops)
# Failed to write core dump. 
#

---------------  T H R E A D  ---------------

Current thread (0x00000000580f2800):  JavaThread "C2 CompilerThread1" daemon [_thread_in_native, id=48804, stack(0x0000000058840000,0x0000000058940000)]

Stack: [0x0000000058840000,0x0000000058940000]
[error occurred during error reporting (printing stack bounds), id 0xc0000005]

Native frames: (J=compiled Java code, j=interpreted, Vv=VM code, C=native code)


Current CompileTask:
C2:   8921 3809       4       org.springframework.core.annotation.AnnotationUtils::postProcessAnnotationAttributes (461 bytes)


---------------  P R O C E S S  ---------------

Java Threads: ( => current thread )
  0x000000005e154800 
[error occurred during error reporting (printing all threads), id 0xc0000005]

VM state:at safepoint (normal execution)

VM Mutex/Monitor currently owned by a thread:  ([mutex/lock_event])
[0x0000000001dadd30] Threads_lock - owner thread: 0x0000000056c02800
[0x0000000001dae230] Heap_lock - owner thread: 0x000000005b423800

Heap:
 PSYoungGen      total 213504K, used 64K [0x00000000d8000000, 0x00000000e5c00000, 0x0000000100000000)
  eden space 205824K, 0% used [0x00000000d8000000,0x00000000d8000000,0x00000000e4900000)
  from space 7680K, 0% used [0x00000000e5480000,0x00000000e5490000,0x00000000e5c00000)
  to   space 9728K, 0% used [0x00000000e4900000,0x00000000e4900000,0x00000000e5280000)
 ParOldGen       total 55296K, used 18147K [0x0000000088000000, 0x000000008b600000, 0x00000000d8000000)
  object space 55296K, 32% used [0x0000000088000000,0x00000000891b8e80,0x000000008b600000)
 Metaspace       used 38640K, capacity 38930K, committed 39424K, reserved 1091584K
  class space    used 4972K, capacity 5072K, committed 5120K, reserved 1048576K

Card table byte_map: [0x0000000011780000,0x0000000011b50000] byte_map_base: 0x0000000011340000

Marking Bits: (ParMarkBitMap*) 0x000000005db9c720
 Begin Bits: [0x00000000122b0000, 0x00000000140b0000)
 End Bits:   [0x00000000140b0000, 0x0000000015eb0000)

Polling page: 0x0000000001b50000

CodeCache: size=245760Kb used=12575Kb max_used=12926Kb free=233184Kb
 bounds [0x00000000023c0000, 0x00000000030a0000, 0x00000000113c0000]
 total_blobs=3834 nmethods=3388 adapters=359
 compilation: enabled

Compilation events (10 events):
Event: 8.466 Thread 0x00000000580f3800 3861       3       sun.nio.cs.UTF_8$Decoder::decodeLoop (28 bytes)
Event: 8.466 Thread 0x00000000580f3800 nmethod 3861 0x0000000002507a10 code [0x0000000002507ba0, 0x00000000025080d8]
Event: 8.474 Thread 0x00000000580f3800 3863       3       java.util.regex.Pattern::escape (1151 bytes)
Event: 8.481 Thread 0x00000000580f3800 nmethod 3863 0x00000000025ea850 code [0x00000000025eb220, 0x00000000025f1d08]
Event: 8.481 Thread 0x00000000580f3800 3865       3       java.util.regex.Pattern::atom (379 bytes)
Event: 8.483 Thread 0x00000000580f3800 nmethod 3865 0x00000000025e8510 code [0x00000000025e8800, 0x00000000025e9df8]
Event: 8.483 Thread 0x00000000580f3800 3864       1       java.util.regex.Pattern::flags (5 bytes)
Event: 8.483 Thread 0x00000000580f3800 nmethod 3864 0x00000000024e5b50 code [0x00000000024e5ca0, 0x00000000024e5db0]
Event: 8.485 Thread 0x00000000580f3800 3867       3       java.util.concurrent.atomic.AtomicReference::<init> (10 bytes)
Event: 8.485 Thread 0x00000000580f3800 nmethod 3867 0x00000000025e8150 code [0x00000000025e82a0, 0x00000000025e8470]

GC Heap History (10 events):
Event: 8.687 GC heap before
{Heap before GC invocations=20 (full 5):
 PSYoungGen      total 215552K, used 0K [0x00000000d8000000, 0x00000000e5c00000, 0x0000000100000000)
  eden space 205824K, 0% used [0x00000000d8000000,0x00000000d8000000,0x00000000e4900000)
  from space 9728K, 0% used [0x00000000e4900000,0x00000000e4900000,0x00000000e5280000)
  to   space 7680K, 0% used [0x00000000e5480000,0x00000000e5480000,0x00000000e5c00000)
 ParOldGen       total 55296K, used 22125K [0x0000000088000000, 0x000000008b600000, 0x00000000d8000000)
  object space 55296K, 40% used [0x0000000088000000,0x000000008959b470,0x000000008b600000)
 Metaspace       used 38752K, capacity 39112K, committed 39424K, reserved 1089536K
  class space    used 4991K, capacity 5107K, committed 5120K, reserved 1048576K
Event: 8.790 GC heap after
Heap after GC invocations=20 (full 5):
 PSYoungGen      total 215552K, used 0K [0x00000000d8000000, 0x00000000e5c00000, 0x0000000100000000)
  eden space 205824K, 0% used [0x00000000d8000000,0x00000000d8000000,0x00000000e4900000)
  from space 9728K, 0% used [0x00000000e4900000,0x00000000e4900000,0x00000000e5280000)
  to   space 7680K, 0% used [0x00000000e5480000,0x00000000e5480000,0x00000000e5c00000)
 ParOldGen       total 55296K, used 18152K [0x0000000088000000, 0x000000008b600000, 0x00000000d8000000)
  object space 55296K, 32% used [0x0000000088000000,0x00000000891ba138,0x000000008b600000)
 Metaspace       used 38640K, capacity 38930K, committed 39424K, reserved 1085440K
  class space    used 4972K, capacity 5072K, committed 5120K, reserved 1048576K
}
Event: 8.790 GC heap before
{Heap before GC invocations=21 (full 5):
 PSYoungGen      total 215552K, used 0K [0x00000000d8000000, 0x00000000e5c00000, 0x0000000100000000)
  eden space 205824K, 0% used [0x00000000d8000000,0x00000000d8000000,0x00000000e4900000)
  from space 9728K, 0% used [0x00000000e4900000,0x00000000e4900000,0x00000000e5280000)
  to   space 7680K, 0% used [0x00000000e5480000,0x00000000e5480000,0x00000000e5c00000)
 ParOldGen       total 55296K, used 18152K [0x0000000088000000, 0x000000008b600000, 0x00000000d8000000)
  object space 55296K, 32% used [0x0000000088000000,0x00000000891ba138,0x000000008b600000)
 Metaspace       used 38640K, capacity 38930K, committed 39424K, reserved 1091584K
  class space    used 4972K, capacity 5072K, committed 5120K, reserved 1048576K
Event: 8.792 GC heap after
Heap after GC invocations=21 (full 5):
 PSYoungGen      total 213504K, used 0K [0x00000000d8000000, 0x00000000e5c00000, 0x0000000100000000)
  eden space 205824K, 0% used [0x00000000d8000000,0x00000000d8000000,0x00000000e4900000)
  from space 7680K, 0% used [0x00000000e5480000,0x00000000e5480000,0x00000000e5c00000)
  to   space 9728K, 0% used [0x00000000e4900000,0x00000000e4900000,0x00000000e5280000)
 ParOldGen       total 55296K, used 18152K [0x0000000088000000, 0x000000008b600000, 0x00000000d8000000)
  object space 55296K, 32% used [0x0000000088000000,0x00000000891ba138,0x000000008b600000)
 Metaspace       used 38640K, capacity 38930K, committed 39424K, reserved 1091584K
  class space    used 4972K, capacity 5072K, committed 5120K, reserved 1048576K
}
Event: 8.792 GC heap before
{Heap before GC invocations=22 (full 6):
 PSYoungGen      total 213504K, used 0K [0x00000000d8000000, 0x00000000e5c00000, 0x0000000100000000)
  eden space 205824K, 0% used [0x00000000d8000000,0x00000000d8000000,0x00000000e4900000)
  from space 7680K, 0% used [0x00000000e5480000,0x00000000e5480000,0x00000000e5c00000)
  to   space 9728K, 0% used [0x00000000e4900000,0x00000000e4900000,0x00000000e5280000)
 ParOldGen       total 55296K, used 18152K [0x0000000088000000, 0x000000008b600000, 0x00000000d8000000)
  object space 55296K, 32% used [0x0000000088000000,0x00000000891ba138,0x000000008b600000)
 Metaspace       used 38640K, capacity 38930K, committed 39424K, reserved 1091584K
  class space    used 4972K, capacity 5072K, committed 5120K, reserved 1048576K
Event: 8.828 GC heap after
Heap after GC invocations=22 (full 6):
 PSYoungGen      total 213504K, used 0K [0x00000000d8000000, 0x00000000e5c00000, 0x0000000100000000)
  eden space 205824K, 0% used [0x00000000d8000000,0x00000000d8000000,0x00000000e4900000)
  from space 7680K, 0% used [0x00000000e5480000,0x00000000e5480000,0x00000000e5c00000)
  to   space 9728K, 0% used [0x00000000e4900000,0x00000000e4900000,0x00000000e5280000)
 ParOldGen       total 55296K, used 18148K [0x0000000088000000, 0x000000008b600000, 0x00000000d8000000)
  object space 55296K, 32% used [0x0000000088000000,0x00000000891b9088,0x000000008b600000)
 Metaspace       used 38640K, capacity 38930K, committed 39424K, reserved 1085440K
  class space    used 4972K, capacity 5072K, committed 5120K, reserved 1048576K
}
Event: 8.828 GC heap before
{Heap before GC invocations=23 (full 6):
 PSYoungGen      total 213504K, used 0K [0x00000000d8000000, 0x00000000e5c00000, 0x0000000100000000)
  eden space 205824K, 0% used [0x00000000d8000000,0x00000000d8000000,0x00000000e4900000)
  from space 7680K, 0% used [0x00000000e5480000,0x00000000e5480000,0x00000000e5c00000)
  to   space 9728K, 0% used [0x00000000e4900000,0x00000000e4900000,0x00000000e5280000)
 ParOldGen       total 55296K, used 18148K [0x0000000088000000, 0x000000008b600000, 0x00000000d8000000)
  object space 55296K, 32% used [0x0000000088000000,0x00000000891b9088,0x000000008b600000)
 Metaspace       used 38640K, capacity 38930K, committed 39424K, reserved 1089536K
  class space    used 4972K, capacity 5072K, committed 5120K, reserved 1048576K
Event: 8.829 GC heap after
Heap after GC invocations=23 (full 6):
 PSYoungGen      total 215552K, used 0K [0x00000000d8000000, 0x00000000e5c00000, 0x0000000100000000)
  eden space 205824K, 0% used [0x00000000d8000000,0x00000000d8000000,0x00000000e4900000)
  from space 9728K, 0% used [0x00000000e4900000,0x00000000e4900000,0x00000000e5280000)
  to   space 7680K, 0% used [0x00000000e5480000,0x00000000e5480000,0x00000000e5c00000)
 ParOldGen       total 55296K, used 18148K [0x0000000088000000, 0x000000008b600000, 0x00000000d8000000)
  object space 55296K, 32% used [0x0000000088000000,0x00000000891b9088,0x000000008b600000)
 Metaspace       used 38640K, capacity 38930K, committed 39424K, reserved 1089536K
  class space    used 4972K, capacity 5072K, committed 5120K, reserved 1048576K
}
Event: 8.829 GC heap before
{Heap before GC invocations=24 (full 7):
 PSYoungGen      total 215552K, used 0K [0x00000000d8000000, 0x00000000e5c00000, 0x0000000100000000)
  eden space 205824K, 0% used [0x00000000d8000000,0x00000000d8000000,0x00000000e4900000)
  from space 9728K, 0% used [0x00000000e4900000,0x00000000e4900000,0x00000000e5280000)
  to   space 7680K, 0% used [0x00000000e5480000,0x00000000e5480000,0x00000000e5c00000)
 ParOldGen       total 55296K, used 18148K [0x0000000088000000, 0x000000008b600000, 0x00000000d8000000)
  object space 55296K, 32% used [0x0000000088000000,0x00000000891b9088,0x000000008b600000)
 Metaspace       used 38640K, capacity 38930K, committed 39424K, reserved 1089536K
  class space    used 4972K, capacity 5072K, committed 5120K, reserved 1048576K
Event: 8.883 GC heap after
Heap after GC invocations=24 (full 7):
 PSYoungGen      total 215552K, used 0K [0x00000000d8000000, 0x00000000e5c00000, 0x0000000100000000)
  eden space 205824K, 0% used [0x00000000d8000000,0x00000000d8000000,0x00000000e4900000)
  from space 9728K, 0% used [0x00000000e4900000,0x00000000e4900000,0x00000000e5280000)
  to   space 7680K, 0% used [0x00000000e5480000,0x00000000e5480000,0x00000000e5c00000)
 ParOldGen       total 55296K, used 18147K [0x0000000088000000, 0x000000008b600000, 0x00000000d8000000)
  object space 55296K, 32% used [0x0000000088000000,0x00000000891b8e80,0x000000008b600000)
 Metaspace       used 38640K, capacity 38930K, committed 39424K, reserved 1085440K
  class space    used 4972K, capacity 5072K, committed 5120K, reserved 1048576K
}

Deoptimization events (10 events):
Event: 8.479 Thread 0x0000000001daf800 Uncommon trap: reason=bimorphic action=maybe_recompile pc=0x0000000002b37440 method=java.util.regex.Pattern$CharProperty$1.isSatisfiedBy(I)Z @ 5
Event: 8.479 Thread 0x0000000001daf800 Uncommon trap: reason=bimorphic action=maybe_recompile pc=0x0000000002b37440 method=java.util.regex.Pattern$CharProperty$1.isSatisfiedBy(I)Z @ 5
Event: 8.479 Thread 0x0000000001daf800 Uncommon trap: reason=bimorphic action=maybe_recompile pc=0x0000000002b37440 method=java.util.regex.Pattern$CharProperty$1.isSatisfiedBy(I)Z @ 5
Event: 8.479 Thread 0x0000000001daf800 Uncommon trap: reason=bimorphic action=maybe_recompile pc=0x0000000002b37440 method=java.util.regex.Pattern$CharProperty$1.isSatisfiedBy(I)Z @ 5
Event: 8.884 Thread 0x0000000001daf800 Uncommon trap: reason=unstable_if action=reinterpret pc=0x0000000002c2ef84 method=java.lang.ref.SoftReference.get()Ljava/lang/Object; @ 6
Event: 8.884 Thread 0x0000000001daf800 Uncommon trap: reason=unstable_if action=reinterpret pc=0x0000000002fbeeb4 method=java.lang.ref.SoftReference.get()Ljava/lang/Object; @ 6
Event: 8.884 Thread 0x0000000001daf800 Uncommon trap: reason=unstable_if action=reinterpret pc=0x0000000002c1c798 method=java.lang.ref.SoftReference.get()Ljava/lang/Object; @ 6
Event: 8.884 Thread 0x0000000001daf800 Uncommon trap: reason=unstable_if action=reinterpret pc=0x0000000002b3abf8 method=java.lang.ref.SoftReference.get()Ljava/lang/Object; @ 6
Event: 8.884 Thread 0x0000000001daf800 Uncommon trap: reason=unstable_if action=reinterpret pc=0x0000000002ac9638 method=java.lang.ref.SoftReference.get()Ljava/lang/Object; @ 6
Event: 8.884 Thread 0x0000000001daf800 Uncommon trap: reason=unstable_if action=reinterpret pc=0x0000000002ac78b4 method=org.springframework.util.ConcurrentReferenceHashMap$Segment.restructureIfNecessary(Z)V @ 33

Internal exceptions (10 events):
Event: 8.440 Thread 0x0000000001daf800 Exception <a 'java/lang/ClassNotFoundException': org/springframework/context/ApplicationContextAwareCustomizer> (0x00000000da7dbd58) thrown at [C:\re\workspace\8-2-build-windows-amd64-cygwin\jdk8u131\8869\hotspot\src\share\vm\classfile\systemDictionary.cp
Event: 8.453 Thread 0x0000000001daf800 Exception <a 'java/lang/ClassNotFoundException': java/lang/ObjectCustomizer> (0x00000000da895aa8) thrown at [C:\re\workspace\8-2-build-windows-amd64-cygwin\jdk8u131\8869\hotspot\src\share\vm\classfile\systemDictionary.cpp, line 210]
Event: 8.453 Thread 0x0000000001daf800 Exception <a 'java/lang/ClassNotFoundException': works/weave/socks/orders/controllers/OrdersControllerCustomizer> (0x00000000da8c3bf0) thrown at [C:\re\workspace\8-2-build-windows-amd64-cygwin\jdk8u131\8869\hotspot\src\share\vm\classfile\systemDictionary.
Event: 8.790 Thread 0x0000000001daf800 Exception <a 'java/lang/OutOfMemoryError'> (0x00000000881fb610) thrown at [C:\re\workspace\8-2-build-windows-amd64-cygwin\jdk8u131\8869\hotspot\src\share\vm\memory\metaspace.cpp, line 3569]
Event: 8.883 Thread 0x0000000001daf800 Exception <a 'java/lang/OutOfMemoryError'> (0x00000000881fb610) thrown at [C:\re\workspace\8-2-build-windows-amd64-cygwin\jdk8u131\8869\hotspot\src\share\vm\memory\metaspace.cpp, line 3569]
Event: 8.884 Thread 0x0000000001daf800 Implicit null exception at 0x0000000002c2ed8a to 0x0000000002c2ef75
Event: 8.884 Thread 0x0000000001daf800 Implicit null exception at 0x0000000002fbe8e8 to 0x0000000002fbee8d
Event: 8.884 Thread 0x0000000001daf800 Implicit null exception at 0x0000000002c1c6ae to 0x0000000002c1c78e
Event: 8.884 Thread 0x0000000001daf800 Implicit null exception at 0x0000000002b3a673 to 0x0000000002b3abd9
Event: 8.884 Thread 0x0000000001daf800 Implicit null exception at 0x0000000002ac91b0 to 0x0000000002ac961d

Events (10 events):
Event: 8.884 Thread 0x0000000001daf800 Uncommon trap: trap_request=0xffffff65 fr.pc=0x0000000002b3abf8
Event: 8.884 Thread 0x0000000001daf800 DEOPT PACKING pc=0x0000000002b3abf8 sp=0x00000000020ecaf0
Event: 8.884 Thread 0x0000000001daf800 DEOPT UNPACKING pc=0x000000000240556a sp=0x00000000020eca00 mode 2
Event: 8.884 Thread 0x0000000001daf800 Uncommon trap: trap_request=0xffffff65 fr.pc=0x0000000002ac9638
Event: 8.884 Thread 0x0000000001daf800 DEOPT PACKING pc=0x0000000002ac9638 sp=0x00000000020ec960
Event: 8.884 Thread 0x0000000001daf800 DEOPT UNPACKING pc=0x000000000240556a sp=0x00000000020ec8b8 mode 2
Event: 8.884 Thread 0x0000000001daf800 Uncommon trap: trap_request=0xffffff65 fr.pc=0x0000000002ac78b4
Event: 8.884 Thread 0x0000000001daf800 DEOPT PACKING pc=0x0000000002ac78b4 sp=0x00000000020edad0
Event: 8.884 Thread 0x0000000001daf800 DEOPT UNPACKING pc=0x000000000240556a sp=0x00000000020eda78 mode 2
Event: 8.885 Executing VM operation: CollectForMetadataAllocation


Dynamic libraries:
0x000000013f540000 - 0x000000013f577000 	C:\Program Files\Java\jdk1.8.0_131\bin\javaw.exe
0x0000000077250000 - 0x00000000773fa000 	C:\Windows\SYSTEM32\ntdll.dll
0x0000000077030000 - 0x000000007714f000 	C:\Windows\system32\kernel32.dll
0x000007fefcfa0000 - 0x000007fefd00a000 	C:\Windows\system32\KERNELBASE.dll
0x000007fefd340000 - 0x000007fefd41b000 	C:\Windows\system32\ADVAPI32.dll
0x000007fefd4a0000 - 0x000007fefd53f000 	C:\Windows\system32\msvcrt.dll
0x000007feff340000 - 0x000007feff35f000 	C:\Windows\SYSTEM32\sechost.dll
0x000007feff210000 - 0x000007feff33d000 	C:\Windows\system32\RPCRT4.dll
0x0000000077150000 - 0x000000007724a000 	C:\Windows\system32\USER32.dll
0x000007fefd620000 - 0x000007fefd687000 	C:\Windows\system32\GDI32.dll
0x000007fefd610000 - 0x000007fefd61e000 	C:\Windows\system32\LPK.dll
0x000007fefd540000 - 0x000007fefd60a000 	C:\Windows\system32\USP10.dll
0x000007fefb9a0000 - 0x000007fefbb94000 	C:\Windows\WinSxS\amd64_microsoft.windows.common-controls_6595b64144ccf1df_6.0.7601.18837_none_fa3b1e3d17594757\COMCTL32.dll
0x000007feff400000 - 0x000007feff471000 	C:\Windows\system32\SHLWAPI.dll
0x000007feff1e0000 - 0x000007feff20e000 	C:\Windows\system32\IMM32.DLL
0x000007fefd960000 - 0x000007fefda69000 	C:\Windows\system32\MSCTF.dll
0x0000000069850000 - 0x0000000069922000 	C:\Program Files\Java\jdk1.8.0_131\jre\bin\msvcr100.dll
0x000000005d380000 - 0x000000005dc1c000 	C:\Program Files\Java\jdk1.8.0_131\jre\bin\server\jvm.dll
0x000007fefaf60000 - 0x000007fefaf69000 	C:\Windows\system32\WSOCK32.dll
0x000007fefee10000 - 0x000007fefee5d000 	C:\Windows\system32\WS2_32.dll
0x000007fefdad0000 - 0x000007fefdad8000 	C:\Windows\system32\NSI.dll
0x000007fefa580000 - 0x000007fefa5bb000 	C:\Windows\system32\WINMM.dll
0x000007fefc060000 - 0x000007fefc06c000 	C:\Windows\system32\VERSION.dll
0x0000000077410000 - 0x0000000077417000 	C:\Windows\system32\PSAPI.DLL
0x00000000742a0000 - 0x00000000742af000 	C:\Program Files\Java\jdk1.8.0_131\jre\bin\verify.dll
0x000000006ffe0000 - 0x0000000070009000 	C:\Program Files\Java\jdk1.8.0_131\jre\bin\java.dll
0x000000006ffc0000 - 0x000000006ffd6000 	C:\Program Files\Java\jdk1.8.0_131\jre\bin\zip.dll
0x000007fefdc70000 - 0x000007fefe9f9000 	C:\Windows\system32\SHELL32.dll
0x000007fefea00000 - 0x000007fefec03000 	C:\Windows\system32\ole32.dll
0x000007fefcf90000 - 0x000007fefcf9f000 	C:\Windows\system32\profapi.dll
0x000000006fe30000 - 0x000000006fe4a000 	C:\Program Files\Java\jdk1.8.0_131\jre\bin\net.dll
0x000007fefc720000 - 0x000007fefc775000 	C:\Windows\system32\mswsock.dll
0x000007fefc710000 - 0x000007fefc717000 	C:\Windows\System32\wship6.dll
0x000007fefb280000 - 0x000007fefb2a7000 	C:\Windows\system32\IPHLPAPI.DLL
0x000007fefb270000 - 0x000007fefb27b000 	C:\Windows\system32\WINNSI.DLL
0x000007fefafb0000 - 0x000007fefafc1000 	C:\Windows\system32\dhcpcsvc6.DLL
0x000007fefaf90000 - 0x000007fefafa8000 	C:\Windows\system32\dhcpcsvc.DLL
0x000007fefc5a0000 - 0x000007fefc5fb000 	C:\Windows\system32\DNSAPI.dll
0x000007fefc130000 - 0x000007fefc137000 	C:\Windows\System32\wshtcpip.dll
0x000007fef8c00000 - 0x000007fef8c08000 	C:\Windows\system32\rasadhlp.dll
0x0000000074290000 - 0x000000007429d000 	C:\Program Files\Java\jdk1.8.0_131\jre\bin\management.dll
0x000007fefb5e0000 - 0x000007fefb5f5000 	C:\Windows\system32\NLAapi.dll
0x000007fef5ed0000 - 0x000007fef5ee5000 	C:\Windows\system32\napinsp.dll
0x000007fef5e30000 - 0x000007fef5e3b000 	C:\Windows\System32\winrnr.dll
0x000007fefb020000 - 0x000007fefb073000 	C:\Windows\System32\fwpuclnt.dll
0x000000006d1d0000 - 0x000000006d1e1000 	C:\Program Files\Java\jdk1.8.0_131\jre\bin\nio.dll
0x000007fefc780000 - 0x000007fefc798000 	C:\Windows\system32\CRYPTSP.dll
0x000007fefc480000 - 0x000007fefc4c7000 	C:\Windows\system32\rsaenh.dll
0x000007fefd020000 - 0x000007fefd03e000 	C:\Windows\system32\USERENV.dll
0x000007fefcde0000 - 0x000007fefcdef000 	C:\Windows\system32\CRYPTBASE.dll

VM Arguments:
jvm_args: -Dfile.encoding=UTF-8 
java_command: works.weave.socks.orders.OrderApplication
java_class_path (initial): C:\CSE\sockshop-demo-master_28_8_orders\sockshop-demo-master\orders\target\classes;C:\Users\Administrator\.m2\repository\io\servicecomb\spring-boot-starter-provider\0.2.0\spring-boot-starter-provider-0.2.0.jar;C:\Users\Administrator\.m2\repository\io\servicecomb\spring-boot-starter-servicecomb\0.2.0\spring-boot-starter-servicecomb-0.2.0.jar;C:\Users\Administrator\.m2\repository\org\apache\tomcat\embed\tomcat-embed-logging-juli\8.0.33\tomcat-embed-logging-juli-8.0.33.jar;C:\Users\Administrator\.m2\repository\io\servicecomb\provider-springmvc\0.2.0\provider-springmvc-0.2.0.jar;C:\Users\Administrator\.m2\repository\io\servicecomb\provider-rest-common\0.2.0\provider-rest-common-0.2.0.jar;C:\Users\Administrator\.m2\repository\io\servicecomb\swagger-invocation-springmvc\0.2.0\swagger-invocation-springmvc-0.2.0.jar;C:\Users\Administrator\.m2\repository\io\servicecomb\swagger-invocation-core\0.2.0\swagger-invocation-core-0.2.0.jar;C:\Users\Administrator\.m2\repository\io\servicecomb\swagger-generator-springmvc\0.2.0\swagger-generator-springmvc-0.2.0.jar;C:\Users\Administrator\.m2\repository\io\servicecomb\swagger-generator-core\0.2.0\swagger-generator-core-0.2.0.jar;C:\Users\Administrator\.m2\repository\io\swagger\swagger-core\1.5.12\swagger-core-1.5.12.jar;C:\Users\Administrator\.m2\repository\com\fasterxml\jackson\dataformat\jackson-dataformat-yaml\2.8.7\jackson-dataformat-yaml-2.8.7.jar;C:\Users\Administrator\.m2\repository\io\swagger\swagger-models\1.5.12\swagger-models-1.5.12.jar;C:\Users\Administrator\.m2\repository\io\swagger\swagger-annotations\1.5.12\swagger-annotations-1.5.12.jar;C:\Users\Administrator\.m2\repository\io\servicecomb\provider-jaxrs\0.2.0\provider-jaxrs-0.2.0.jar;C:\Users\Administrator\.m2\repository\io\servicecomb\swagger-invocation-jaxrs\0.2.0\swagger-invocation-jaxrs-0.2.0.jar;C:\Users\Administrator\.m2\repository\io\servicecomb\swagger-generator-jaxrs\0.2.0\swagger-generator-jaxrs-0.2.0.jar;C:\Users\Administrator\.m2\
Launcher Type: SUN_STANDARD

Environment Variables:
JAVA_HOME=C:\Program Files\Java\jre1.8.0_121
PATH=C:/Program Files/Java/jre1.8.0_131/bin/server;C:/Program Files/Java/jre1.8.0_131/bin;C:/Program Files/Java/jre1.8.0_131/lib/amd64;C:\ProgramData\Oracle\Java\javapath;C:\Ruby23-x64\bin;C:\Windows\system32;C:\Windows;C:\Windows\System32\Wbem;C:\Windows\System32\WindowsPowerShell\v1.0\;C:\Windows\System32\WindowsPowerShell\v1.0\;C:\Program Files\Amazon\cfn-bootstrap\;C:\Program Files\Git\cmd;C:\Program Files\nodejs\;C:\Python27\;C:\Python27\Scripts;;C:\Program Files\PuTTY\;C:\Users\Administrator\AppData\Roaming\npm;C:\Windows\system32;
USERNAME=Administrator
OS=Windows_NT
PROCESSOR_IDENTIFIER=Intel64 Family 6 Model 63 Stepping 2, GenuineIntel



---------------  S Y S T E M  ---------------

OS: Windows Server 2008 R2 , 64 bit Build 7601 (6.1.7601.23572)

CPU:total 4 (initial active 4) (2 cores per cpu, 2 threads per core) family 6 model 63 stepping 2, cmov, cx8, fxsr, mmx, sse, sse2, sse3, ssse3, sse4.1, sse4.2, popcnt, avx, avx2, aes, clmul, erms, lzcnt, ht, tsc, bmi1, bmi2

Memory: 4k page, physical 7863924k(352880k free), swap 16250672k(4964k free)

vm_info: Java HotSpot(TM) 64-Bit Server VM (25.131-b11) for windows-amd64 JRE (1.8.0_131-b11), built on Mar 15 2017 01:23:53 by "java_re" with MS VC++ 10.0 (VS2010)

time: Tue Aug 29 00:40:27 2017
elapsed time: 8 seconds (0d 0h 0m 8s)

